<?xml version="1.0" encoding="UTF-8"?>
<testsuite name="com.michalporeba.golf.BoardShould" tests="6" skipped="0" failures="0" errors="0" timestamp="2020-08-22T16:51:14" hostname="LAPTOP-HSVCR98O" time="0.24">
  <properties/>
  <testcase name="write_state_out()" classname="com.michalporeba.golf.BoardShould" time="0.052"/>
  <testcase name="set_state_from_source()" classname="com.michalporeba.golf.BoardShould" time="0.002"/>
  <testcase name="throw_if_size_less_or_equal_zero(int)[1]" classname="com.michalporeba.golf.BoardShould" time="0.07"/>
  <testcase name="throw_if_size_less_or_equal_zero(int)[2]" classname="com.michalporeba.golf.BoardShould" time="0.002"/>
  <testcase name="throw_if_size_less_or_equal_zero(int)[3]" classname="com.michalporeba.golf.BoardShould" time="0.002"/>
  <testcase name="be_empty_to_start_with()" classname="com.michalporeba.golf.BoardShould" time="0.005"/>
  <system-out><![CDATA[]]></system-out>
  <system-err><![CDATA[]]></system-err>
</testsuite>
